2022-09-25 22:32:00,657 DEBUG: Starting new HTTPS connection (1): api.telegram.org:443
2022-09-25 22:32:04,497 DEBUG: https://api.telegram.org:443 "GET /bot5672466838:AAGGRgm4H2CWlK9hCCqOPqO2ZGXeooyCnCY/getUpdates?offset=1&timeout=20 HTTP/1.1" 200 417
2022-09-25 22:32:04,508 DEBUG: Starting new HTTPS connection (1): api.telegram.org:443
2022-09-25 22:32:05,208 DEBUG: https://api.telegram.org:443 "POST /bot5672466838:AAGGRgm4H2CWlK9hCCqOPqO2ZGXeooyCnCY/sendMessage?chat_id=1785108916&text=Choose%3A&reply_to_message_id=44&reply_markup=%7B%22inline_keyboard%22%3A+%5B%5B%7B%22text%22%3A+%22Add+button%22%2C+%22callback_data%22%3A+%22add_b%22%7D%2C+%7B%22text%22%3A+%22Add+message%22%2C+%22callback_data%22%3A+%22add_m%22%7D%5D%2C+%5B%7B%22text%22%3A+%22Show+message%22%2C+%22callback_data%22%3A+%22show_m%22%7D%2C+%7B%22text%22%3A+%22Reset+all%21%22%2C+%22callback_data%22%3A+%22reset_all%22%7D%5D%5D%7D&parse_mode=Markdown HTTP/1.1" 200 858
2022-09-25 22:32:09,262 DEBUG: https://api.telegram.org:443 "GET /bot5672466838:AAGGRgm4H2CWlK9hCCqOPqO2ZGXeooyCnCY/getUpdates?offset=881745189&timeout=20 HTTP/1.1" 200 1093
2022-09-25 22:32:09,271 DEBUG: Starting new HTTPS connection (1): api.telegram.org:443
2022-09-25 22:32:09,895 DEBUG: https://api.telegram.org:443 "POST /bot5672466838:AAGGRgm4H2CWlK9hCCqOPqO2ZGXeooyCnCY/sendMessage?chat_id=1785108916&text=Send+me+a+message+which+u+want+send+to+users%3A&parse_mode=Markdown HTTP/1.1" 200 284
2022-09-25 22:32:14,274 DEBUG: https://api.telegram.org:443 "GET /bot5672466838:AAGGRgm4H2CWlK9hCCqOPqO2ZGXeooyCnCY/getUpdates?offset=881745190&timeout=20 HTTP/1.1" 200 1141
2022-09-25 22:32:14,465 DEBUG: https://api.telegram.org:443 "POST /bot5672466838:AAGGRgm4H2CWlK9hCCqOPqO2ZGXeooyCnCY/deleteMessage?chat_id=1785108916&message_id=46 HTTP/1.1" 200 25
2022-09-25 22:32:14,637 DEBUG: https://api.telegram.org:443 "POST /bot5672466838:AAGGRgm4H2CWlK9hCCqOPqO2ZGXeooyCnCY/sendMessage?chat_id=1785108916&text=Saved%21&parse_mode=Markdown HTTP/1.1" 200 245
2022-09-25 22:32:19,113 DEBUG: https://api.telegram.org:443 "GET /bot5672466838:AAGGRgm4H2CWlK9hCCqOPqO2ZGXeooyCnCY/getUpdates?offset=881745191&timeout=20 HTTP/1.1" 200 1094
2022-09-25 22:32:19,388 DEBUG: https://api.telegram.org:443 "POST /bot5672466838:AAGGRgm4H2CWlK9hCCqOPqO2ZGXeooyCnCY/answerCallbackQuery?callback_query_id=7666984415134306360 HTTP/1.1" 200 25
2022-09-25 22:32:19,595 DEBUG: https://api.telegram.org:443 "GET /bot5672466838:AAGGRgm4H2CWlK9hCCqOPqO2ZGXeooyCnCY/copyMessage?chat_id=1785108916&from_chat_id=1785108916&message_id=47&reply_markup=%7B%22inline_keyboard%22%3A+%5B%5B%7B%22text%22%3A+%22Send%22%2C+%22callback_data%22%3A+%22send_m%22%7D%5D%5D%7D HTTP/1.1" 200 38
2022-09-25 22:32:23,347 DEBUG: https://api.telegram.org:443 "GET /bot5672466838:AAGGRgm4H2CWlK9hCCqOPqO2ZGXeooyCnCY/getUpdates?offset=881745192&timeout=20 HTTP/1.1" 200 1281
2022-09-25 22:32:23,502 DEBUG: https://api.telegram.org:443 "POST /bot5672466838:AAGGRgm4H2CWlK9hCCqOPqO2ZGXeooyCnCY/answerCallbackQuery?callback_query_id=7666984416048827230 HTTP/1.1" 200 25
2022-09-25 22:32:23,765 DEBUG: https://api.telegram.org:443 "GET /bot5672466838:AAGGRgm4H2CWlK9hCCqOPqO2ZGXeooyCnCY/copyMessage?chat_id=1785108916&from_chat_id=1785108916&message_id=47&reply_markup=%7B%22inline_keyboard%22%3A+%5B%5D%7D HTTP/1.1" 200 38
2022-09-25 22:32:23,949 DEBUG: https://api.telegram.org:443 "GET /bot5672466838:AAGGRgm4H2CWlK9hCCqOPqO2ZGXeooyCnCY/copyMessage?chat_id=725985448&from_chat_id=1785108916&message_id=47&reply_markup=%7B%22inline_keyboard%22%3A+%5B%5D%7D HTTP/1.1" 400 73
2022-09-25 22:32:24,218 DEBUG: https://api.telegram.org:443 "GET /bot5672466838:AAGGRgm4H2CWlK9hCCqOPqO2ZGXeooyCnCY/copyMessage?chat_id=1456419193&from_chat_id=1785108916&message_id=47&reply_markup=%7B%22inline_keyboard%22%3A+%5B%5D%7D HTTP/1.1" 400 73
2022-09-25 22:32:24,495 DEBUG: https://api.telegram.org:443 "GET /bot5672466838:AAGGRgm4H2CWlK9hCCqOPqO2ZGXeooyCnCY/copyMessage?chat_id=1498988391&from_chat_id=1785108916&message_id=47&reply_markup=%7B%22inline_keyboard%22%3A+%5B%5D%7D HTTP/1.1" 400 73
2022-09-25 22:32:24,657 DEBUG: https://api.telegram.org:443 "GET /bot5672466838:AAGGRgm4H2CWlK9hCCqOPqO2ZGXeooyCnCY/copyMessage?chat_id=238773814&from_chat_id=1785108916&message_id=47&reply_markup=%7B%22inline_keyboard%22%3A+%5B%5D%7D HTTP/1.1" 400 73
2022-09-25 22:32:24,840 DEBUG: https://api.telegram.org:443 "GET /bot5672466838:AAGGRgm4H2CWlK9hCCqOPqO2ZGXeooyCnCY/copyMessage?chat_id=5347145575&from_chat_id=1785108916&message_id=47&reply_markup=%7B%22inline_keyboard%22%3A+%5B%5D%7D HTTP/1.1" 400 73
2022-09-25 22:32:24,998 DEBUG: https://api.telegram.org:443 "GET /bot5672466838:AAGGRgm4H2CWlK9hCCqOPqO2ZGXeooyCnCY/copyMessage?chat_id=1356248299&from_chat_id=1785108916&message_id=47&reply_markup=%7B%22inline_keyboard%22%3A+%5B%5D%7D HTTP/1.1" 400 73
2022-09-25 22:32:25,224 DEBUG: https://api.telegram.org:443 "POST /bot5672466838:AAGGRgm4H2CWlK9hCCqOPqO2ZGXeooyCnCY/sendMessage?chat_id=1785108916&text=Sent%3A+1%0ADon%27t+sent%3A+6&parse_mode=Markdown HTTP/1.1" 200 261
2022-09-25 22:32:43,480 DEBUG: https://api.telegram.org:443 "GET /bot5672466838:AAGGRgm4H2CWlK9hCCqOPqO2ZGXeooyCnCY/getUpdates?offset=881745193&timeout=20 HTTP/1.1" 200 23
2022-09-25 22:33:03,608 DEBUG: https://api.telegram.org:443 "GET /bot5672466838:AAGGRgm4H2CWlK9hCCqOPqO2ZGXeooyCnCY/getUpdates?offset=881745193&timeout=20 HTTP/1.1" 200 23
2022-09-25 22:33:06,609 ERROR: Infinity polling: polling exited
2022-09-25 22:33:06,610 ERROR: Break infinity polling
